<?xml version="1.0" encoding="UTF-8"?>
<!-- Generated by org.testng.reporters.JUnitReportReporter -->
<testsuite hostname="LAPTOP-AF2JRBJI" failures="0" tests="4" name="testNGClasses.VarifyUsernameAdressAfterSignInAndCheckItemsOrderedInAYear" time="48.655" errors="0" timestamp="2022-11-07T14:16:04 IST" skipped="0">
  <testcase classname="testNGClasses.VarifyUsernameAdressAfterSignInAndCheckItemsOrderedInAYear" name="checkItemsOrderedInAYear" time="12.112"/>
  <system-out/>
  <testcase classname="testNGClasses.VarifyUsernameAdressAfterSignInAndCheckItemsOrderedInAYear" name="checkItemsOrderedInAYear" time="13.540"/>
  <system-out/>
  <testcase classname="testNGClasses.VarifyUsernameAdressAfterSignInAndCheckItemsOrderedInAYear" name="VarifyUsernameAfterLogin" time="12.300"/>
  <system-out/>
  <testcase classname="testNGClasses.VarifyUsernameAdressAfterSignInAndCheckItemsOrderedInAYear" name="VarifyUsernameAfterLogin" time="10.703"/>
  <system-out/>
</testsuite> <!-- testNGClasses.VarifyUsernameAdressAfterSignInAndCheckItemsOrderedInAYear -->
