<?xml version="1.0" encoding="UTF-8"?>
<!-- Generated by org.testng.reporters.JUnitReportReporter -->
<testsuite hostname="LAPTOP-AF2JRBJI" failures="0" tests="4" name="testNGClasses.VarifyUsernameAdressAfterSignInAndCheckItemsOrderedInAYear" time="76.535" errors="0" timestamp="2022-11-10T14:59:50 IST" skipped="0">
  <testcase classname="testNGClasses.VarifyUsernameAdressAfterSignInAndCheckItemsOrderedInAYear" name="checkItemsOrderedInAYear" time="23.833"/>
  <system-out/>
  <testcase classname="testNGClasses.VarifyUsernameAdressAfterSignInAndCheckItemsOrderedInAYear" name="checkItemsOrderedInAYear" time="15.382"/>
  <system-out/>
  <testcase classname="testNGClasses.VarifyUsernameAdressAfterSignInAndCheckItemsOrderedInAYear" name="VarifyUsernameAfterLogin" time="19.292"/>
  <system-out/>
  <testcase classname="testNGClasses.VarifyUsernameAdressAfterSignInAndCheckItemsOrderedInAYear" name="VarifyUsernameAfterLogin" time="18.028"/>
  <system-out/>
</testsuite> <!-- testNGClasses.VarifyUsernameAdressAfterSignInAndCheckItemsOrderedInAYear -->
