<?xml version="1.0" encoding="UTF-8"?>
<!-- Generated by org.testng.reporters.JUnitReportReporter -->
<testsuite hostname="LAPTOP-AF2JRBJI" failures="0" tests="4" name="testNGClasses.VarifyAddToCartButtonAndOffersForProduct" time="147.223" errors="0" timestamp="2022-11-10T14:59:50 IST" skipped="0">
  <testcase classname="testNGClasses.VarifyAddToCartButtonAndOffersForProduct" name="VarifyOffersForProducts" time="31.212"/>
  <system-out/>
  <testcase classname="testNGClasses.VarifyAddToCartButtonAndOffersForProduct" name="VarifyOffersForProducts" time="27.616"/>
  <system-out/>
  <testcase classname="testNGClasses.VarifyAddToCartButtonAndOffersForProduct" name="VarifyAddToCartButton" time="43.743"/>
  <system-out/>
  <testcase classname="testNGClasses.VarifyAddToCartButtonAndOffersForProduct" name="VarifyAddToCartButton" time="44.652"/>
  <system-out/>
</testsuite> <!-- testNGClasses.VarifyAddToCartButtonAndOffersForProduct -->
