<?xml version="1.0" encoding="UTF-8"?>
<!-- Generated by org.testng.reporters.JUnitReportReporter -->
<testsuite hostname="LAPTOP-AF2JRBJI" failures="0" tests="4" name="testNGClasses.VarifyAddToCartButtonAndOffersForProduct" time="132.617" errors="0" timestamp="2022-11-07T14:16:04 IST" skipped="0">
  <testcase classname="testNGClasses.VarifyAddToCartButtonAndOffersForProduct" name="VarifyOffersForProducts" time="26.911"/>
  <system-out/>
  <testcase classname="testNGClasses.VarifyAddToCartButtonAndOffersForProduct" name="VarifyAddToCartButton" time="28.534"/>
  <system-out/>
  <testcase classname="testNGClasses.VarifyAddToCartButtonAndOffersForProduct" name="VarifyAddToCartButton" time="29.767"/>
  <system-out/>
  <testcase classname="testNGClasses.VarifyAddToCartButtonAndOffersForProduct" name="VarifyOffersForProducts" time="47.405"/>
  <system-out/>
</testsuite> <!-- testNGClasses.VarifyAddToCartButtonAndOffersForProduct -->
